# JRE version: Java(TM) SE Runtime Environment (9.0+11) (build 9.0.4+11)
# Java VM: Java HotSpot(TM) 64-Bit Server VM (9.0.4+11, mixed mode, tiered, compressed oops, g1 gc, windows-amd64)
Heap:
 garbage-first heap   total 165888K, used 91497K [0x0000000700000000, 0x0000000700100510, 0x00000007c0000000)
  region size 1024K, 37 young (37888K), 2 survivors (2048K)
 Metaspace       used 70625K, capacity 75025K, committed 75084K, reserved 1114112K
  class space    used 9750K, capacity 10543K, committed 10572K, reserved 1048576K
GC Heap History (10 events):
Event: 129.065 GC heap before
{Heap before GC invocations=42 (full 2):
 garbage-first heap   total 165888K, used 116357K [0x0000000700000000, 0x0000000700100510, 0x00000007c0000000)
  region size 1024K, 60 young (61440K), 1 survivors (1024K)
 Metaspace       used 70173K, capacity 74523K, committed 74828K, reserved 1114112K
  class space    used 9716K, capacity 10508K, committed 10572K, reserved 1048576K
}
Event: 129.067 GC heap after
{Heap after GC invocations=43 (full 2):
 garbage-first heap   total 165888K, used 56388K [0x0000000700000000, 0x0000000700100510, 0x00000007c0000000)
  region size 1024K, 1 young (1024K), 1 survivors (1024K)
 Metaspace       used 70173K, capacity 74523K, committed 74828K, reserved 1114112K
  class space    used 9716K, capacity 10508K, committed 10572K, reserved 1048576K
}
Event: 136.991 GC heap before
{Heap before GC invocations=43 (full 2):
 garbage-first heap   total 165888K, used 116804K [0x0000000700000000, 0x0000000700100510, 0x00000007c0000000)
  region size 1024K, 60 young (61440K), 1 survivors (1024K)
 Metaspace       used 70307K, capacity 74587K, committed 74828K, reserved 1114112K
  class space    used 9716K, capacity 10508K, committed 10572K, reserved 1048576K
}
Event: 136.993 GC heap after
{Heap after GC invocations=44 (full 2):
 garbage-first heap   total 165888K, used 56412K [0x0000000700000000, 0x0000000700100510, 0x00000007c0000000)
  region size 1024K, 1 young (1024K), 1 survivors (1024K)
 Metaspace       used 70307K, capacity 74587K, committed 74828K, reserved 1114112K
  class space    used 9716K, capacity 10508K, committed 10572K, reserved 1048576K
}
Event: 215.046 GC heap before
{Heap before GC invocations=44 (full 2):
 garbage-first heap   total 165888K, used 116828K [0x0000000700000000, 0x0000000700100510, 0x00000007c0000000)
  region size 1024K, 60 young (61440K), 1 survivors (1024K)
 Metaspace       used 70382K, capacity 74715K, committed 74828K, reserved 1114112K
  class space    used 9717K, capacity 10508K, committed 10572K, reserved 1048576K
}
Event: 215.054 GC heap after
{Heap after GC invocations=45 (full 2):
 garbage-first heap   total 165888K, used 56323K [0x0000000700000000, 0x0000000700100510, 0x00000007c0000000)
  region size 1024K, 1 young (1024K), 1 survivors (1024K)
 Metaspace       used 70382K, capacity 74715K, committed 74828K, reserved 1114112K
  class space    used 9717K, capacity 10508K, committed 10572K, reserved 1048576K
}
Event: 302.160 GC heap before
{Heap before GC invocations=45 (full 2):
 garbage-first heap   total 165888K, used 116739K [0x0000000700000000, 0x0000000700100510, 0x00000007c0000000)
  region size 1024K, 60 young (61440K), 1 survivors (1024K)
 Metaspace       used 70462K, capacity 74789K, committed 75084K, reserved 1114112K
  class space    used 9717K, capacity 10509K, committed 10572K, reserved 1048576K
}
Event: 302.162 GC heap after
{Heap after GC invocations=46 (full 2):
 garbage-first heap   total 165888K, used 56472K [0x0000000700000000, 0x0000000700100510, 0x00000007c0000000)
  region size 1024K, 1 young (1024K), 1 survivors (1024K)
 Metaspace       used 70462K, capacity 74789K, committed 75084K, reserved 1114112K
  class space    used 9717K, capacity 10509K, committed 10572K, reserved 1048576K
}
Event: 318.173 GC heap before
{Heap before GC invocations=46 (full 2):
 garbage-first heap   total 165888K, used 116888K [0x0000000700000000, 0x0000000700100510, 0x00000007c0000000)
  region size 1024K, 60 young (61440K), 1 survivors (1024K)
 Metaspace       used 70486K, capacity 74789K, committed 75084K, reserved 1114112K
  class space    used 9718K, capacity 10509K, committed 10572K, reserved 1048576K
}
Event: 318.179 GC heap after
{Heap after GC invocations=47 (full 2):
 garbage-first heap   total 165888K, used 56681K [0x0000000700000000, 0x0000000700100510, 0x00000007c0000000)
  region size 1024K, 2 young (2048K), 2 survivors (2048K)
 Metaspace       used 70486K, capacity 74789K, committed 75084K, reserved 1114112K
  class space    used 9718K, capacity 10509K, committed 10572K, reserved 1048576K
}

